SF:/home/noah/src/trueno/src/backends/scalar.rs
FN:17,_RNvXNtNtCsex06JBUEZ1Z_6trueno8backends6scalarNtB2_13ScalarBackendNtB4_13VectorBackend3add
FN:29,_RNvXNtNtCsex06JBUEZ1Z_6trueno8backends6scalarNtB2_13ScalarBackendNtB4_13VectorBackend3dot
FN:45,_RNvXNtNtCsex06JBUEZ1Z_6trueno8backends6scalarNtB2_13ScalarBackendNtB4_13VectorBackend3max
FN:23,_RNvXNtNtCsex06JBUEZ1Z_6trueno8backends6scalarNtB2_13ScalarBackendNtB4_13VectorBackend3mul
FN:37,_RNvXNtNtCsex06JBUEZ1Z_6trueno8backends6scalarNtB2_13ScalarBackendNtB4_13VectorBackend3sum
FN:61,_RNvNtNtNtCsex06JBUEZ1Z_6trueno8backends6scalar5testss_15test_scalar_add
FN:83,_RNvNtNtNtCsex06JBUEZ1Z_6trueno8backends6scalar5testss_15test_scalar_dot
FN:98,_RNvNtNtNtCsex06JBUEZ1Z_6trueno8backends6scalar5testss_15test_scalar_max
FN:72,_RNvNtNtNtCsex06JBUEZ1Z_6trueno8backends6scalar5testss_15test_scalar_mul
FN:91,_RNvNtNtNtCsex06JBUEZ1Z_6trueno8backends6scalar5testss_15test_scalar_sum
FNDA:2,_RNvXNtNtCsex06JBUEZ1Z_6trueno8backends6scalarNtB2_13ScalarBackendNtB4_13VectorBackend3add
FNDA:1,_RNvXNtNtCsex06JBUEZ1Z_6trueno8backends6scalarNtB2_13ScalarBackendNtB4_13VectorBackend3dot
FNDA:1,_RNvXNtNtCsex06JBUEZ1Z_6trueno8backends6scalarNtB2_13ScalarBackendNtB4_13VectorBackend3max
FNDA:1,_RNvXNtNtCsex06JBUEZ1Z_6trueno8backends6scalarNtB2_13ScalarBackendNtB4_13VectorBackend3mul
FNDA:1,_RNvXNtNtCsex06JBUEZ1Z_6trueno8backends6scalarNtB2_13ScalarBackendNtB4_13VectorBackend3sum
FNDA:1,_RNvNtNtNtCsex06JBUEZ1Z_6trueno8backends6scalar5testss_15test_scalar_add
FNDA:1,_RNvNtNtNtCsex06JBUEZ1Z_6trueno8backends6scalar5testss_15test_scalar_dot
FNDA:1,_RNvNtNtNtCsex06JBUEZ1Z_6trueno8backends6scalar5testss_15test_scalar_max
FNDA:1,_RNvNtNtNtCsex06JBUEZ1Z_6trueno8backends6scalar5testss_15test_scalar_mul
FNDA:1,_RNvNtNtNtCsex06JBUEZ1Z_6trueno8backends6scalar5testss_15test_scalar_sum
FNF:10
FNH:10
DA:17,2
DA:18,11
DA:19,11
DA:20,11
DA:21,2
DA:23,1
DA:24,4
DA:25,4
DA:26,4
DA:27,1
DA:29,1
DA:30,1
DA:31,3
DA:32,3
DA:33,3
DA:34,1
DA:35,1
DA:37,1
DA:38,1
DA:39,5
DA:40,4
DA:41,4
DA:42,1
DA:43,1
DA:45,1
DA:46,1
DA:47,3
DA:48,3
DA:49,1
DA:50,2
DA:52,1
DA:53,1
DA:61,1
DA:62,1
DA:63,1
DA:64,1
DA:65,1
DA:66,1
DA:67,1
DA:68,1
DA:69,1
DA:72,1
DA:73,1
DA:74,1
DA:75,1
DA:76,1
DA:77,1
DA:78,1
DA:79,1
DA:80,1
DA:83,1
DA:84,1
DA:85,1
DA:86,1
DA:87,1
DA:88,1
DA:91,1
DA:92,1
DA:93,1
DA:94,1
DA:95,1
DA:98,1
DA:99,1
DA:100,1
DA:101,1
DA:102,1
BRF:0
BRH:0
LF:66
LH:66
end_of_record
SF:/home/noah/src/trueno/src/backends/sse2.rs
FN:25,_RNvXNtNtCsex06JBUEZ1Z_6trueno8backends4sse2NtB2_11Sse2BackendNtB4_13VectorBackend3add
FN:71,_RNvXNtNtCsex06JBUEZ1Z_6trueno8backends4sse2NtB2_11Sse2BackendNtB4_13VectorBackend3dot
FN:127,_RNvXNtNtCsex06JBUEZ1Z_6trueno8backends4sse2NtB2_11Sse2BackendNtB4_13VectorBackend3max
FN:51,_RNvXNtNtCsex06JBUEZ1Z_6trueno8backends4sse2NtB2_11Sse2BackendNtB4_13VectorBackend3mul
FN:103,_RNvXNtNtCsex06JBUEZ1Z_6trueno8backends4sse2NtB2_11Sse2BackendNtB4_13VectorBackend3sum
FN:165,_RNvNtNtNtCsex06JBUEZ1Z_6trueno8backends4sse25testss_13test_sse2_add
FN:191,_RNvNtNtNtCsex06JBUEZ1Z_6trueno8backends4sse25testss_13test_sse2_dot
FN:208,_RNvNtNtNtCsex06JBUEZ1Z_6trueno8backends4sse25testss_13test_sse2_max
FN:178,_RNvNtNtNtCsex06JBUEZ1Z_6trueno8backends4sse25testss_13test_sse2_mul
FN:201,_RNvNtNtNtCsex06JBUEZ1Z_6trueno8backends4sse25testss_13test_sse2_sum
FN:215,_RNvNtNtNtCsex06JBUEZ1Z_6trueno8backends4sse25testss_24test_sse2_matches_scalar
FNDA:959,_RNvXNtNtCsex06JBUEZ1Z_6trueno8backends4sse2NtB2_11Sse2BackendNtB4_13VectorBackend3add
FNDA:215,_RNvXNtNtCsex06JBUEZ1Z_6trueno8backends4sse2NtB2_11Sse2BackendNtB4_13VectorBackend3dot
FNDA:110,_RNvXNtNtCsex06JBUEZ1Z_6trueno8backends4sse2NtB2_11Sse2BackendNtB4_13VectorBackend3max
FNDA:745,_RNvXNtNtCsex06JBUEZ1Z_6trueno8backends4sse2NtB2_11Sse2BackendNtB4_13VectorBackend3mul
FNDA:110,_RNvXNtNtCsex06JBUEZ1Z_6trueno8backends4sse2NtB2_11Sse2BackendNtB4_13VectorBackend3sum
FNDA:1,_RNvNtNtNtCsex06JBUEZ1Z_6trueno8backends4sse25testss_13test_sse2_add
FNDA:1,_RNvNtNtNtCsex06JBUEZ1Z_6trueno8backends4sse25testss_13test_sse2_dot
FNDA:1,_RNvNtNtNtCsex06JBUEZ1Z_6trueno8backends4sse25testss_13test_sse2_max
FNDA:1,_RNvNtNtNtCsex06JBUEZ1Z_6trueno8backends4sse25testss_13test_sse2_mul
FNDA:1,_RNvNtNtNtCsex06JBUEZ1Z_6trueno8backends4sse25testss_13test_sse2_sum
FNDA:1,_RNvNtNtNtCsex06JBUEZ1Z_6trueno8backends4sse25testss_24test_sse2_matches_scalar
FNF:11
FNH:11
DA:25,959
DA:26,959
DA:27,959
DA:30,6046
DA:31,5087
DA:32,5087
DA:33,5087
DA:34,5087
DA:35,5087
DA:36,5087
DA:37,5087
DA:38,5087
DA:39,5087
DA:40,5087
DA:41,5087
DA:42,5087
DA:45,1335
DA:46,1335
DA:47,1335
DA:48,959
DA:51,745
DA:52,745
DA:53,745
DA:56,5858
DA:57,5113
DA:58,5113
DA:59,5113
DA:60,5113
DA:61,5113
DA:62,5113
DA:65,1016
DA:66,1016
DA:67,1016
DA:68,745
DA:71,215
DA:72,215
DA:73,215
DA:76,215
DA:79,1918
DA:80,1703
DA:81,1703
DA:82,1703
DA:83,1703
DA:84,1703
DA:85,1703
DA:90,215
DA:91,215
DA:92,215
DA:95,351
DA:96,351
DA:97,351
DA:99,215
DA:100,215
DA:103,110
DA:104,110
DA:105,110
DA:106,110
DA:109,1381
DA:110,1271
DA:111,1271
DA:112,1271
DA:113,1271
DA:116,110
DA:117,110
DA:118,110
DA:121,110
DA:123,110
DA:124,110
DA:127,110
DA:128,110
DA:129,110
DA:132,110
DA:135,1424
DA:136,1314
DA:137,1314
DA:138,1314
DA:139,1314
DA:142,110
DA:143,110
DA:144,110
DA:145,110
DA:146,110
DA:147,110
DA:150,143
DA:151,143
DA:152,10
DA:153,133
DA:156,110
DA:157,110
DA:165,1
DA:166,1
DA:167,1
DA:168,1
DA:170,1
DA:171,1
DA:172,1
DA:174,1
DA:175,1
DA:178,1
DA:179,1
DA:180,1
DA:181,1
DA:183,1
DA:184,1
DA:185,1
DA:187,1
DA:188,1
DA:191,1
DA:192,1
DA:193,1
DA:195,1
DA:197,1
DA:198,1
DA:201,1
DA:202,1
DA:203,1
DA:204,1
DA:205,1
DA:208,1
DA:209,1
DA:210,1
DA:211,1
DA:212,1
DA:215,1
DA:217,1
DA:218,1
DA:220,1
DA:221,1
DA:223,1
DA:224,1
DA:225,1
DA:226,1
DA:228,1
DA:229,1
BRF:0
BRH:0
LF:134
LH:134
end_of_record
SF:/home/noah/src/trueno/src/error.rs
FN:58,_RNvNtNtCsex06JBUEZ1Z_6trueno5error5testss_14test_gpu_error
FN:70,_RNvNtNtCsex06JBUEZ1Z_6trueno5error5testss_19test_error_equality
FN:64,_RNvNtNtCsex06JBUEZ1Z_6trueno5error5testss_24test_invalid_input_error
FN:49,_RNvNtNtCsex06JBUEZ1Z_6trueno5error5testss_24test_size_mismatch_error
FN:40,_RNvNtNtCsex06JBUEZ1Z_6trueno5error5testss_30test_unsupported_backend_error
FNDA:1,_RNvNtNtCsex06JBUEZ1Z_6trueno5error5testss_14test_gpu_error
FNDA:1,_RNvNtNtCsex06JBUEZ1Z_6trueno5error5testss_19test_error_equality
FNDA:1,_RNvNtNtCsex06JBUEZ1Z_6trueno5error5testss_24test_invalid_input_error
FNDA:1,_RNvNtNtCsex06JBUEZ1Z_6trueno5error5testss_24test_size_mismatch_error
FNDA:1,_RNvNtNtCsex06JBUEZ1Z_6trueno5error5testss_30test_unsupported_backend_error
FNF:5
FNH:5
DA:40,1
DA:41,1
DA:42,1
DA:43,1
DA:46,1
DA:49,1
DA:50,1
DA:51,1
DA:52,1
DA:53,1
DA:54,1
DA:55,1
DA:58,1
DA:59,1
DA:60,1
DA:61,1
DA:64,1
DA:65,1
DA:66,1
DA:67,1
DA:70,1
DA:71,1
DA:72,1
DA:73,1
DA:74,1
DA:75,1
DA:76,1
DA:77,1
DA:78,1
DA:79,1
DA:80,1
BRF:0
BRH:0
LF:31
LH:31
end_of_record
SF:/home/noah/src/trueno/src/lib.rs
FN:104,_RNvCsex06JBUEZ1Z_6trueno29select_best_available_backend
FN:181,_RNvNtCsex06JBUEZ1Z_6trueno5testss_17test_backend_enum
FN:187,_RNvNtCsex06JBUEZ1Z_6trueno5testss_27test_op_complexity_ordering
FN:193,_RNvNtCsex06JBUEZ1Z_6trueno5testss_34test_select_best_available_backend
FN:227,_RNvNtCsex06JBUEZ1Z_6trueno5testss_39test_backend_selection_is_deterministic
FNDA:2155,_RNvCsex06JBUEZ1Z_6trueno29select_best_available_backend
FNDA:1,_RNvNtCsex06JBUEZ1Z_6trueno5testss_17test_backend_enum
FNDA:1,_RNvNtCsex06JBUEZ1Z_6trueno5testss_27test_op_complexity_ordering
FNDA:1,_RNvNtCsex06JBUEZ1Z_6trueno5testss_34test_select_best_available_backend
FNDA:1,_RNvNtCsex06JBUEZ1Z_6trueno5testss_39test_backend_selection_is_deterministic
FNF:5
FNH:5
DA:104,2155
DA:108,2155
DA:109,2155
DA:110,0
DA:111,0
DA:112,0
DA:113,0
DA:114,0
DA:115,0
DA:116,0
DA:117,0
DA:118,0
DA:119,0
DA:120,0
DA:174,2155
DA:181,1
DA:182,1
DA:183,1
DA:184,1
DA:187,1
DA:188,1
DA:189,1
DA:190,1
DA:193,1
DA:194,1
DA:201,1
DA:203,1
DA:204,1
DA:224,1
DA:227,1
DA:229,1
DA:230,1
DA:231,1
DA:232,1
BRF:0
BRH:0
LF:34
LH:23
end_of_record
SF:/home/noah/src/trueno/src/vector.rs
FN:423,_RNvNtNtCsex06JBUEZ1Z_6trueno6vector5testss_14test_add_empty
FN:488,_RNvNtNtCsex06JBUEZ1Z_6trueno6vector5testss_14test_dot_empty
FN:536,_RNvNtNtCsex06JBUEZ1Z_6trueno6vector5testss_14test_max_empty
FN:463,_RNvNtNtCsex06JBUEZ1Z_6trueno6vector5testss_14test_mul_empty
FN:511,_RNvNtNtCsex06JBUEZ1Z_6trueno6vector5testss_14test_sum_empty
FN:431,_RNvNtNtCsex06JBUEZ1Z_6trueno6vector5testss_15test_add_single
FN:366,_RNvNtNtCsex06JBUEZ1Z_6trueno6vector5testss_15test_from_slice
FN:530,_RNvNtNtCsex06JBUEZ1Z_6trueno6vector5testss_15test_max_single
FN:517,_RNvNtNtCsex06JBUEZ1Z_6trueno6vector5testss_15test_sum_single
FN:547,_RNvNtNtCsex06JBUEZ1Z_6trueno6vector5testss_17test_max_negative
FN:373,_RNvNtNtCsex06JBUEZ1Z_6trueno6vector5testss_21test_from_slice_empty
FN:439,_RNvNtNtCsex06JBUEZ1Z_6trueno6vector5testss_22test_add_size_mismatch
FN:496,_RNvNtNtCsex06JBUEZ1Z_6trueno6vector5testss_22test_dot_size_mismatch
FN:471,_RNvNtNtCsex06JBUEZ1Z_6trueno6vector5testss_22test_mul_size_mismatch
FN:393,_RNvNtNtCsex06JBUEZ1Z_6trueno6vector5testss_28test_auto_backend_resolution
FN:387,_RNvNtNtCsex06JBUEZ1Z_6trueno6vector5testss_28test_from_slice_with_backend
FN:380,_RNvNtNtCsex06JBUEZ1Z_6trueno6vector5testss_30test_from_slice_single_element
FN:415,_RNvNtNtCsex06JBUEZ1Z_6trueno6vector5testss_8test_add
FN:480,_RNvNtNtCsex06JBUEZ1Z_6trueno6vector5testss_8test_dot
FN:524,_RNvNtNtCsex06JBUEZ1Z_6trueno6vector5testss_8test_max
FN:455,_RNvNtNtCsex06JBUEZ1Z_6trueno6vector5testss_8test_mul
FN:505,_RNvNtNtCsex06JBUEZ1Z_6trueno6vector5testss_8test_sum
FN:153,_RNvMs_NtCsex06JBUEZ1Z_6trueno6vectorINtB4_6VectorfE3add
FN:255,_RNvMs_NtCsex06JBUEZ1Z_6trueno6vectorINtB4_6VectorfE3dot
FN:332,_RNvMs_NtCsex06JBUEZ1Z_6trueno6vectorINtB4_6VectorfE3max
FN:206,_RNvMs_NtCsex06JBUEZ1Z_6trueno6vectorINtB4_6VectorfE3mul
FN:295,_RNvMs_NtCsex06JBUEZ1Z_6trueno6vectorINtB4_6VectorfE3sum
FN:49,_RNvMNtCsex06JBUEZ1Z_6trueno6vectorINtB2_6VectordE10from_sliceB4_
FN:66,_RNvMNtCsex06JBUEZ1Z_6trueno6vectorINtB2_6VectordE23from_slice_with_backendB4_
FN:102,_RNvMNtCsex06JBUEZ1Z_6trueno6vectorINtB2_6VectordE3lenB4_
FN:124,_RNvMNtCsex06JBUEZ1Z_6trueno6vectorINtB2_6VectordE7backendB4_
FN:88,_RNvMNtCsex06JBUEZ1Z_6trueno6vectorINtB2_6VectordE8as_sliceB4_
FN:49,_RNvMNtCsex06JBUEZ1Z_6trueno6vectorINtB2_6VectorfE10from_sliceB4_
FN:102,_RNvMNtCsex06JBUEZ1Z_6trueno6vectorINtB2_6VectorfE3lenB4_
FN:88,_RNvMNtCsex06JBUEZ1Z_6trueno6vectorINtB2_6VectorfE8as_sliceB4_
FN:119,_RNvMNtCsex06JBUEZ1Z_6trueno6vectorINtB2_6VectorfE8is_emptyB4_
FNDA:1,_RNvNtNtCsex06JBUEZ1Z_6trueno6vector5testss_14test_add_empty
FNDA:1,_RNvNtNtCsex06JBUEZ1Z_6trueno6vector5testss_14test_dot_empty
FNDA:1,_RNvNtNtCsex06JBUEZ1Z_6trueno6vector5testss_14test_max_empty
FNDA:1,_RNvNtNtCsex06JBUEZ1Z_6trueno6vector5testss_14test_mul_empty
FNDA:1,_RNvNtNtCsex06JBUEZ1Z_6trueno6vector5testss_14test_sum_empty
FNDA:1,_RNvNtNtCsex06JBUEZ1Z_6trueno6vector5testss_15test_add_single
FNDA:1,_RNvNtNtCsex06JBUEZ1Z_6trueno6vector5testss_15test_from_slice
FNDA:1,_RNvNtNtCsex06JBUEZ1Z_6trueno6vector5testss_15test_max_single
FNDA:1,_RNvNtNtCsex06JBUEZ1Z_6trueno6vector5testss_15test_sum_single
FNDA:1,_RNvNtNtCsex06JBUEZ1Z_6trueno6vector5testss_17test_max_negative
FNDA:1,_RNvNtNtCsex06JBUEZ1Z_6trueno6vector5testss_21test_from_slice_empty
FNDA:1,_RNvNtNtCsex06JBUEZ1Z_6trueno6vector5testss_22test_add_size_mismatch
FNDA:1,_RNvNtNtCsex06JBUEZ1Z_6trueno6vector5testss_22test_dot_size_mismatch
FNDA:1,_RNvNtNtCsex06JBUEZ1Z_6trueno6vector5testss_22test_mul_size_mismatch
FNDA:1,_RNvNtNtCsex06JBUEZ1Z_6trueno6vector5testss_28test_auto_backend_resolution
FNDA:1,_RNvNtNtCsex06JBUEZ1Z_6trueno6vector5testss_28test_from_slice_with_backend
FNDA:1,_RNvNtNtCsex06JBUEZ1Z_6trueno6vector5testss_30test_from_slice_single_element
FNDA:1,_RNvNtNtCsex06JBUEZ1Z_6trueno6vector5testss_8test_add
FNDA:1,_RNvNtNtCsex06JBUEZ1Z_6trueno6vector5testss_8test_dot
FNDA:1,_RNvNtNtCsex06JBUEZ1Z_6trueno6vector5testss_8test_max
FNDA:1,_RNvNtNtCsex06JBUEZ1Z_6trueno6vector5testss_8test_mul
FNDA:1,_RNvNtNtCsex06JBUEZ1Z_6trueno6vector5testss_8test_sum
FNDA:958,_RNvMs_NtCsex06JBUEZ1Z_6trueno6vectorINtB4_6VectorfE3add
FNDA:215,_RNvMs_NtCsex06JBUEZ1Z_6trueno6vectorINtB4_6VectorfE3dot
FNDA:110,_RNvMs_NtCsex06JBUEZ1Z_6trueno6vectorINtB4_6VectorfE3max
FNDA:745,_RNvMs_NtCsex06JBUEZ1Z_6trueno6vectorINtB4_6VectorfE3mul
FNDA:109,_RNvMs_NtCsex06JBUEZ1Z_6trueno6vectorINtB4_6VectorfE3sum
FNDA:2,_RNvMNtCsex06JBUEZ1Z_6trueno6vectorINtB2_6VectordE10from_sliceB4_
FNDA:2,_RNvMNtCsex06JBUEZ1Z_6trueno6vectorINtB2_6VectordE23from_slice_with_backendB4_
FNDA:2,_RNvMNtCsex06JBUEZ1Z_6trueno6vectorINtB2_6VectordE3lenB4_
FNDA:5,_RNvMNtCsex06JBUEZ1Z_6trueno6vectorINtB2_6VectordE7backendB4_
FNDA:2,_RNvMNtCsex06JBUEZ1Z_6trueno6vectorINtB2_6VectordE8as_sliceB4_
FNDA:2148,_RNvMNtCsex06JBUEZ1Z_6trueno6vectorINtB2_6VectorfE10from_sliceB4_
FNDA:5544,_RNvMNtCsex06JBUEZ1Z_6trueno6vectorINtB2_6VectorfE3lenB4_
FNDA:1383,_RNvMNtCsex06JBUEZ1Z_6trueno6vectorINtB2_6VectorfE8as_sliceB4_
FNDA:1,_RNvMNtCsex06JBUEZ1Z_6trueno6vectorINtB2_6VectorfE8is_emptyB4_
FNF:33
FNH:33
DA:49,2150
DA:50,2150
DA:51,2150
DA:52,2150
DA:53,2150
DA:54,2150
DA:66,2
DA:67,2
DA:68,1
DA:69,1
DA:72,2
DA:73,2
DA:74,2
DA:75,2
DA:76,2
DA:88,1385
DA:89,1385
DA:90,1385
DA:102,5546
DA:103,5546
DA:104,5546
DA:119,1
DA:120,1
DA:121,1
DA:124,5
DA:125,5
DA:126,5
DA:153,958
DA:154,958
DA:155,1
DA:156,1
DA:157,1
DA:158,1
DA:159,957
DA:161,957
DA:165,957
DA:166,0
DA:167,0
DA:168,0
DA:170,957
DA:171,957
DA:172,957
DA:173,957
DA:174,957
DA:180,0
DA:181,0
DA:182,0
DA:183,0
DA:187,957
DA:188,957
DA:189,957
DA:190,957
DA:191,958
DA:206,745
DA:207,745
DA:208,1
DA:209,1
DA:210,1
DA:211,1
DA:212,744
DA:214,744
DA:218,744
DA:219,0
DA:220,0
DA:221,0
DA:223,744
DA:224,744
DA:225,744
DA:230,0
DA:231,0
DA:232,0
DA:236,744
DA:237,744
DA:238,744
DA:239,744
DA:240,745
DA:255,215
DA:256,215
DA:257,1
DA:258,1
DA:259,1
DA:260,1
DA:261,214
DA:263,214
DA:264,214
DA:266,0
DA:270,214
DA:277,0
DA:282,214
DA:283,215
DA:295,109
DA:296,109
DA:297,109
DA:299,0
DA:303,109
DA:310,0
DA:315,109
DA:316,109
DA:332,110
DA:333,110
DA:334,1
DA:335,109
DA:337,109
DA:338,109
DA:340,0
DA:344,109
DA:351,0
DA:356,109
DA:357,110
DA:366,1
DA:367,1
DA:368,1
DA:369,1
DA:370,1
DA:373,1
DA:374,1
DA:375,1
DA:376,1
DA:377,1
DA:380,1
DA:381,1
DA:382,1
DA:383,1
DA:384,1
DA:387,1
DA:388,1
DA:389,1
DA:390,1
DA:393,1
DA:394,1
DA:396,1
DA:397,1
DA:400,1
DA:405,1
DA:406,1
DA:407,1
DA:411,1
DA:415,1
DA:416,1
DA:417,1
DA:418,1
DA:419,1
DA:420,1
DA:423,1
DA:424,1
DA:425,1
DA:426,1
DA:427,1
DA:428,1
DA:431,1
DA:432,1
DA:433,1
DA:434,1
DA:435,1
DA:436,1
DA:439,1
DA:440,1
DA:441,1
DA:442,1
DA:443,1
DA:444,1
DA:445,1
DA:451,1
DA:455,1
DA:456,1
DA:457,1
DA:458,1
DA:459,1
DA:460,1
DA:463,1
DA:464,1
DA:465,1
DA:466,1
DA:467,1
DA:468,1
DA:471,1
DA:472,1
DA:473,1
DA:474,1
DA:475,1
DA:476,1
DA:480,1
DA:481,1
DA:482,1
DA:483,1
DA:484,1
DA:485,1
DA:488,1
DA:489,1
DA:490,1
DA:491,1
DA:492,1
DA:493,1
DA:496,1
DA:497,1
DA:498,1
DA:499,1
DA:500,1
DA:501,1
DA:505,1
DA:506,1
DA:507,1
DA:508,1
DA:511,1
DA:512,1
DA:513,1
DA:514,1
DA:517,1
DA:518,1
DA:519,1
DA:520,1
DA:524,1
DA:525,1
DA:526,1
DA:527,1
DA:530,1
DA:531,1
DA:532,1
DA:533,1
DA:536,1
DA:537,1
DA:538,1
DA:539,1
DA:540,1
DA:541,1
DA:542,1
DA:544,1
DA:547,1
DA:548,1
DA:549,1
DA:550,1
BRF:0
BRH:0
LF:231
LH:212
end_of_record