SF:/home/noah/src/trueno/src/backends/scalar.rs
FN:17,_RNvXNtNtCsex06JBUEZ1Z_6trueno8backends6scalarNtB2_13ScalarBackendNtB4_13VectorBackend3add
FN:29,_RNvXNtNtCsex06JBUEZ1Z_6trueno8backends6scalarNtB2_13ScalarBackendNtB4_13VectorBackend3dot
FN:45,_RNvXNtNtCsex06JBUEZ1Z_6trueno8backends6scalarNtB2_13ScalarBackendNtB4_13VectorBackend3max
FN:23,_RNvXNtNtCsex06JBUEZ1Z_6trueno8backends6scalarNtB2_13ScalarBackendNtB4_13VectorBackend3mul
FN:37,_RNvXNtNtCsex06JBUEZ1Z_6trueno8backends6scalarNtB2_13ScalarBackendNtB4_13VectorBackend3sum
FN:61,_RNvNtNtNtCsex06JBUEZ1Z_6trueno8backends6scalar5testss_15test_scalar_add
FN:83,_RNvNtNtNtCsex06JBUEZ1Z_6trueno8backends6scalar5testss_15test_scalar_dot
FN:98,_RNvNtNtNtCsex06JBUEZ1Z_6trueno8backends6scalar5testss_15test_scalar_max
FN:72,_RNvNtNtNtCsex06JBUEZ1Z_6trueno8backends6scalar5testss_15test_scalar_mul
FN:91,_RNvNtNtNtCsex06JBUEZ1Z_6trueno8backends6scalar5testss_15test_scalar_sum
FNDA:2,_RNvXNtNtCsex06JBUEZ1Z_6trueno8backends6scalarNtB2_13ScalarBackendNtB4_13VectorBackend3add
FNDA:1,_RNvXNtNtCsex06JBUEZ1Z_6trueno8backends6scalarNtB2_13ScalarBackendNtB4_13VectorBackend3dot
FNDA:1,_RNvXNtNtCsex06JBUEZ1Z_6trueno8backends6scalarNtB2_13ScalarBackendNtB4_13VectorBackend3max
FNDA:1,_RNvXNtNtCsex06JBUEZ1Z_6trueno8backends6scalarNtB2_13ScalarBackendNtB4_13VectorBackend3mul
FNDA:1,_RNvXNtNtCsex06JBUEZ1Z_6trueno8backends6scalarNtB2_13ScalarBackendNtB4_13VectorBackend3sum
FNDA:1,_RNvNtNtNtCsex06JBUEZ1Z_6trueno8backends6scalar5testss_15test_scalar_add
FNDA:1,_RNvNtNtNtCsex06JBUEZ1Z_6trueno8backends6scalar5testss_15test_scalar_dot
FNDA:1,_RNvNtNtNtCsex06JBUEZ1Z_6trueno8backends6scalar5testss_15test_scalar_max
FNDA:1,_RNvNtNtNtCsex06JBUEZ1Z_6trueno8backends6scalar5testss_15test_scalar_mul
FNDA:1,_RNvNtNtNtCsex06JBUEZ1Z_6trueno8backends6scalar5testss_15test_scalar_sum
FNF:10
FNH:10
DA:17,2
DA:18,11
DA:19,11
DA:20,11
DA:21,2
DA:23,1
DA:24,4
DA:25,4
DA:26,4
DA:27,1
DA:29,1
DA:30,1
DA:31,3
DA:32,3
DA:33,3
DA:34,1
DA:35,1
DA:37,1
DA:38,1
DA:39,5
DA:40,4
DA:41,4
DA:42,1
DA:43,1
DA:45,1
DA:46,1
DA:47,3
DA:48,3
DA:49,1
DA:50,2
DA:52,1
DA:53,1
DA:61,1
DA:62,1
DA:63,1
DA:64,1
DA:65,1
DA:66,1
DA:67,1
DA:68,1
DA:69,1
DA:72,1
DA:73,1
DA:74,1
DA:75,1
DA:76,1
DA:77,1
DA:78,1
DA:79,1
DA:80,1
DA:83,1
DA:84,1
DA:85,1
DA:86,1
DA:87,1
DA:88,1
DA:91,1
DA:92,1
DA:93,1
DA:94,1
DA:95,1
DA:98,1
DA:99,1
DA:100,1
DA:101,1
DA:102,1
BRF:0
BRH:0
LF:66
LH:66
end_of_record
SF:/home/noah/src/trueno/src/backends/sse2.rs
FN:25,_RNvXNtNtCsex06JBUEZ1Z_6trueno8backends4sse2NtB2_11Sse2BackendNtB4_13VectorBackend3add
FN:71,_RNvXNtNtCsex06JBUEZ1Z_6trueno8backends4sse2NtB2_11Sse2BackendNtB4_13VectorBackend3dot
FN:127,_RNvXNtNtCsex06JBUEZ1Z_6trueno8backends4sse2NtB2_11Sse2BackendNtB4_13VectorBackend3max
FN:51,_RNvXNtNtCsex06JBUEZ1Z_6trueno8backends4sse2NtB2_11Sse2BackendNtB4_13VectorBackend3mul
FN:103,_RNvXNtNtCsex06JBUEZ1Z_6trueno8backends4sse2NtB2_11Sse2BackendNtB4_13VectorBackend3sum
FN:165,_RNvNtNtNtCsex06JBUEZ1Z_6trueno8backends4sse25testss_13test_sse2_add
FN:191,_RNvNtNtNtCsex06JBUEZ1Z_6trueno8backends4sse25testss_13test_sse2_dot
FN:208,_RNvNtNtNtCsex06JBUEZ1Z_6trueno8backends4sse25testss_13test_sse2_max
FN:178,_RNvNtNtNtCsex06JBUEZ1Z_6trueno8backends4sse25testss_13test_sse2_mul
FN:201,_RNvNtNtNtCsex06JBUEZ1Z_6trueno8backends4sse25testss_13test_sse2_sum
FN:215,_RNvNtNtNtCsex06JBUEZ1Z_6trueno8backends4sse25testss_24test_sse2_matches_scalar
FNDA:960,_RNvXNtNtCsex06JBUEZ1Z_6trueno8backends4sse2NtB2_11Sse2BackendNtB4_13VectorBackend3add
FNDA:215,_RNvXNtNtCsex06JBUEZ1Z_6trueno8backends4sse2NtB2_11Sse2BackendNtB4_13VectorBackend3dot
FNDA:110,_RNvXNtNtCsex06JBUEZ1Z_6trueno8backends4sse2NtB2_11Sse2BackendNtB4_13VectorBackend3max
FNDA:745,_RNvXNtNtCsex06JBUEZ1Z_6trueno8backends4sse2NtB2_11Sse2BackendNtB4_13VectorBackend3mul
FNDA:110,_RNvXNtNtCsex06JBUEZ1Z_6trueno8backends4sse2NtB2_11Sse2BackendNtB4_13VectorBackend3sum
FNDA:1,_RNvNtNtNtCsex06JBUEZ1Z_6trueno8backends4sse25testss_13test_sse2_add
FNDA:1,_RNvNtNtNtCsex06JBUEZ1Z_6trueno8backends4sse25testss_13test_sse2_dot
FNDA:1,_RNvNtNtNtCsex06JBUEZ1Z_6trueno8backends4sse25testss_13test_sse2_max
FNDA:1,_RNvNtNtNtCsex06JBUEZ1Z_6trueno8backends4sse25testss_13test_sse2_mul
FNDA:1,_RNvNtNtNtCsex06JBUEZ1Z_6trueno8backends4sse25testss_13test_sse2_sum
FNDA:1,_RNvNtNtNtCsex06JBUEZ1Z_6trueno8backends4sse25testss_24test_sse2_matches_scalar
FNF:11
FNH:11
DA:25,960
DA:26,960
DA:27,960
DA:30,5842
DA:31,4882
DA:32,4882
DA:33,4882
DA:34,4882
DA:35,4882
DA:36,4882
DA:37,4882
DA:38,4882
DA:39,4882
DA:40,4882
DA:41,4882
DA:42,4882
DA:45,1391
DA:46,1391
DA:47,1391
DA:48,960
DA:51,745
DA:52,745
DA:53,745
DA:56,6025
DA:57,5280
DA:58,5280
DA:59,5280
DA:60,5280
DA:61,5280
DA:62,5280
DA:65,1120
DA:66,1120
DA:67,1120
DA:68,745
DA:71,215
DA:72,215
DA:73,215
DA:76,215
DA:79,1826
DA:80,1611
DA:81,1611
DA:82,1611
DA:83,1611
DA:84,1611
DA:85,1611
DA:90,215
DA:91,215
DA:92,215
DA:95,329
DA:96,329
DA:97,329
DA:99,215
DA:100,215
DA:103,110
DA:104,110
DA:105,110
DA:106,110
DA:109,1283
DA:110,1173
DA:111,1173
DA:112,1173
DA:113,1173
DA:116,110
DA:117,110
DA:118,110
DA:121,110
DA:123,110
DA:124,110
DA:127,110
DA:128,110
DA:129,110
DA:132,110
DA:135,1363
DA:136,1253
DA:137,1253
DA:138,1253
DA:139,1253
DA:142,110
DA:143,110
DA:144,110
DA:145,110
DA:146,110
DA:147,110
DA:150,168
DA:151,168
DA:152,13
DA:153,155
DA:156,110
DA:157,110
DA:165,1
DA:166,1
DA:167,1
DA:168,1
DA:170,1
DA:171,1
DA:172,1
DA:174,1
DA:175,1
DA:178,1
DA:179,1
DA:180,1
DA:181,1
DA:183,1
DA:184,1
DA:185,1
DA:187,1
DA:188,1
DA:191,1
DA:192,1
DA:193,1
DA:195,1
DA:197,1
DA:198,1
DA:201,1
DA:202,1
DA:203,1
DA:204,1
DA:205,1
DA:208,1
DA:209,1
DA:210,1
DA:211,1
DA:212,1
DA:215,1
DA:217,1
DA:218,1
DA:220,1
DA:221,1
DA:223,1
DA:224,1
DA:225,1
DA:226,1
DA:228,1
DA:229,1
BRF:0
BRH:0
LF:134
LH:134
end_of_record
SF:/home/noah/src/trueno/src/error.rs
FN:58,_RNvNtNtCsex06JBUEZ1Z_6trueno5error5testss_14test_gpu_error
FN:70,_RNvNtNtCsex06JBUEZ1Z_6trueno5error5testss_19test_error_equality
FN:64,_RNvNtNtCsex06JBUEZ1Z_6trueno5error5testss_24test_invalid_input_error
FN:49,_RNvNtNtCsex06JBUEZ1Z_6trueno5error5testss_24test_size_mismatch_error
FN:40,_RNvNtNtCsex06JBUEZ1Z_6trueno5error5testss_30test_unsupported_backend_error
FNDA:1,_RNvNtNtCsex06JBUEZ1Z_6trueno5error5testss_14test_gpu_error
FNDA:1,_RNvNtNtCsex06JBUEZ1Z_6trueno5error5testss_19test_error_equality
FNDA:1,_RNvNtNtCsex06JBUEZ1Z_6trueno5error5testss_24test_invalid_input_error
FNDA:1,_RNvNtNtCsex06JBUEZ1Z_6trueno5error5testss_24test_size_mismatch_error
FNDA:1,_RNvNtNtCsex06JBUEZ1Z_6trueno5error5testss_30test_unsupported_backend_error
FNF:5
FNH:5
DA:40,1
DA:41,1
DA:42,1
DA:43,1
DA:46,1
DA:49,1
DA:50,1
DA:51,1
DA:52,1
DA:53,1
DA:54,1
DA:55,1
DA:58,1
DA:59,1
DA:60,1
DA:61,1
DA:64,1
DA:65,1
DA:66,1
DA:67,1
DA:70,1
DA:71,1
DA:72,1
DA:73,1
DA:74,1
DA:75,1
DA:76,1
DA:77,1
DA:78,1
DA:79,1
DA:80,1
BRF:0
BRH:0
LF:31
LH:31
end_of_record
SF:/home/noah/src/trueno/src/lib.rs
FN:104,_RNvCsex06JBUEZ1Z_6trueno29select_best_available_backend
FN:181,_RNvNtCsex06JBUEZ1Z_6trueno5testss_17test_backend_enum
FN:187,_RNvNtCsex06JBUEZ1Z_6trueno5testss_27test_op_complexity_ordering
FN:193,_RNvNtCsex06JBUEZ1Z_6trueno5testss_34test_select_best_available_backend
FN:227,_RNvNtCsex06JBUEZ1Z_6trueno5testss_39test_backend_selection_is_deterministic
FNDA:2155,_RNvCsex06JBUEZ1Z_6trueno29select_best_available_backend
FNDA:1,_RNvNtCsex06JBUEZ1Z_6trueno5testss_17test_backend_enum
FNDA:1,_RNvNtCsex06JBUEZ1Z_6trueno5testss_27test_op_complexity_ordering
FNDA:1,_RNvNtCsex06JBUEZ1Z_6trueno5testss_34test_select_best_available_backend
FNDA:1,_RNvNtCsex06JBUEZ1Z_6trueno5testss_39test_backend_selection_is_deterministic
FNF:5
FNH:5
DA:104,2155
DA:108,2155
DA:109,2155
DA:110,0
DA:111,0
DA:112,0
DA:113,0
DA:114,0
DA:115,0
DA:116,0
DA:117,0
DA:118,0
DA:119,0
DA:120,0
DA:174,2155
DA:181,1
DA:182,1
DA:183,1
DA:184,1
DA:187,1
DA:188,1
DA:189,1
DA:190,1
DA:193,1
DA:194,1
DA:201,1
DA:203,1
DA:204,1
DA:224,1
DA:227,1
DA:229,1
DA:230,1
DA:231,1
DA:232,1
BRF:0
BRH:0
LF:34
LH:23
end_of_record
SF:/home/noah/src/trueno/src/vector.rs
FN:505,_RNvNtNtCsex06JBUEZ1Z_6trueno6vector5testss_14test_add_empty
FN:570,_RNvNtNtCsex06JBUEZ1Z_6trueno6vector5testss_14test_dot_empty
FN:618,_RNvNtNtCsex06JBUEZ1Z_6trueno6vector5testss_14test_max_empty
FN:545,_RNvNtNtCsex06JBUEZ1Z_6trueno6vector5testss_14test_mul_empty
FN:593,_RNvNtNtCsex06JBUEZ1Z_6trueno6vector5testss_14test_sum_empty
FN:513,_RNvNtNtCsex06JBUEZ1Z_6trueno6vector5testss_15test_add_single
FN:448,_RNvNtNtCsex06JBUEZ1Z_6trueno6vector5testss_15test_from_slice
FN:612,_RNvNtNtCsex06JBUEZ1Z_6trueno6vector5testss_15test_max_single
FN:599,_RNvNtNtCsex06JBUEZ1Z_6trueno6vector5testss_15test_sum_single
FN:629,_RNvNtNtCsex06JBUEZ1Z_6trueno6vector5testss_17test_max_negative
FN:455,_RNvNtNtCsex06JBUEZ1Z_6trueno6vector5testss_21test_from_slice_empty
FN:521,_RNvNtNtCsex06JBUEZ1Z_6trueno6vector5testss_22test_add_size_mismatch
FN:578,_RNvNtNtCsex06JBUEZ1Z_6trueno6vector5testss_22test_dot_size_mismatch
FN:553,_RNvNtNtCsex06JBUEZ1Z_6trueno6vector5testss_22test_mul_size_mismatch
FN:635,_RNvNtNtCsex06JBUEZ1Z_6trueno6vector5testss_28test_aligned_vector_creation
FN:475,_RNvNtNtCsex06JBUEZ1Z_6trueno6vector5testss_28test_auto_backend_resolution
FN:469,_RNvNtNtCsex06JBUEZ1Z_6trueno6vector5testss_28test_from_slice_with_backend
FN:655,_RNvNtNtCsex06JBUEZ1Z_6trueno6vector5testss_30test_aligned_vector_operations
FN:462,_RNvNtNtCsex06JBUEZ1Z_6trueno6vector5testss_30test_from_slice_single_element
FN:497,_RNvNtNtCsex06JBUEZ1Z_6trueno6vector5testss_8test_add
FN:562,_RNvNtNtCsex06JBUEZ1Z_6trueno6vector5testss_8test_dot
FN:606,_RNvNtNtCsex06JBUEZ1Z_6trueno6vector5testss_8test_max
FN:537,_RNvNtNtCsex06JBUEZ1Z_6trueno6vector5testss_8test_mul
FN:587,_RNvNtNtCsex06JBUEZ1Z_6trueno6vector5testss_8test_sum
FN:235,_RNvMs1_NtCsex06JBUEZ1Z_6trueno6vectorINtB5_6VectorfE3add
FN:337,_RNvMs1_NtCsex06JBUEZ1Z_6trueno6vectorINtB5_6VectorfE3dot
FN:414,_RNvMs1_NtCsex06JBUEZ1Z_6trueno6vectorINtB5_6VectorfE3max
FN:288,_RNvMs1_NtCsex06JBUEZ1Z_6trueno6vectorINtB5_6VectorfE3mul
FN:377,_RNvMs1_NtCsex06JBUEZ1Z_6trueno6vectorINtB5_6VectorfE3sum
FN:116,_RNvMs_NtCsex06JBUEZ1Z_6trueno6vectorINtB4_6VectorfE14with_alignment
FN:49,_RNvMNtCsex06JBUEZ1Z_6trueno6vectorINtB2_6VectordE10from_sliceB4_
FN:66,_RNvMNtCsex06JBUEZ1Z_6trueno6vectorINtB2_6VectordE23from_slice_with_backendB4_
FN:49,_RNvMNtCsex06JBUEZ1Z_6trueno6vectorINtB2_6VectorfE10from_sliceB4_
FN:184,_RNvMs0_NtCsex06JBUEZ1Z_6trueno6vectorINtB5_6VectordE3lenB7_
FN:206,_RNvMs0_NtCsex06JBUEZ1Z_6trueno6vectorINtB5_6VectordE7backendB7_
FN:170,_RNvMs0_NtCsex06JBUEZ1Z_6trueno6vectorINtB5_6VectordE8as_sliceB7_
FN:184,_RNvMs0_NtCsex06JBUEZ1Z_6trueno6vectorINtB5_6VectorfE3lenB7_
FN:170,_RNvMs0_NtCsex06JBUEZ1Z_6trueno6vectorINtB5_6VectorfE8as_sliceB7_
FN:201,_RNvMs0_NtCsex06JBUEZ1Z_6trueno6vectorINtB5_6VectorfE8is_emptyB7_
FNDA:1,_RNvNtNtCsex06JBUEZ1Z_6trueno6vector5testss_14test_add_empty
FNDA:1,_RNvNtNtCsex06JBUEZ1Z_6trueno6vector5testss_14test_dot_empty
FNDA:1,_RNvNtNtCsex06JBUEZ1Z_6trueno6vector5testss_14test_max_empty
FNDA:1,_RNvNtNtCsex06JBUEZ1Z_6trueno6vector5testss_14test_mul_empty
FNDA:1,_RNvNtNtCsex06JBUEZ1Z_6trueno6vector5testss_14test_sum_empty
FNDA:1,_RNvNtNtCsex06JBUEZ1Z_6trueno6vector5testss_15test_add_single
FNDA:1,_RNvNtNtCsex06JBUEZ1Z_6trueno6vector5testss_15test_from_slice
FNDA:1,_RNvNtNtCsex06JBUEZ1Z_6trueno6vector5testss_15test_max_single
FNDA:1,_RNvNtNtCsex06JBUEZ1Z_6trueno6vector5testss_15test_sum_single
FNDA:1,_RNvNtNtCsex06JBUEZ1Z_6trueno6vector5testss_17test_max_negative
FNDA:1,_RNvNtNtCsex06JBUEZ1Z_6trueno6vector5testss_21test_from_slice_empty
FNDA:1,_RNvNtNtCsex06JBUEZ1Z_6trueno6vector5testss_22test_add_size_mismatch
FNDA:1,_RNvNtNtCsex06JBUEZ1Z_6trueno6vector5testss_22test_dot_size_mismatch
FNDA:1,_RNvNtNtCsex06JBUEZ1Z_6trueno6vector5testss_22test_mul_size_mismatch
FNDA:1,_RNvNtNtCsex06JBUEZ1Z_6trueno6vector5testss_28test_aligned_vector_creation
FNDA:1,_RNvNtNtCsex06JBUEZ1Z_6trueno6vector5testss_28test_auto_backend_resolution
FNDA:1,_RNvNtNtCsex06JBUEZ1Z_6trueno6vector5testss_28test_from_slice_with_backend
FNDA:1,_RNvNtNtCsex06JBUEZ1Z_6trueno6vector5testss_30test_aligned_vector_operations
FNDA:1,_RNvNtNtCsex06JBUEZ1Z_6trueno6vector5testss_30test_from_slice_single_element
FNDA:1,_RNvNtNtCsex06JBUEZ1Z_6trueno6vector5testss_8test_add
FNDA:1,_RNvNtNtCsex06JBUEZ1Z_6trueno6vector5testss_8test_dot
FNDA:1,_RNvNtNtCsex06JBUEZ1Z_6trueno6vector5testss_8test_max
FNDA:1,_RNvNtNtCsex06JBUEZ1Z_6trueno6vector5testss_8test_mul
FNDA:1,_RNvNtNtCsex06JBUEZ1Z_6trueno6vector5testss_8test_sum
FNDA:959,_RNvMs1_NtCsex06JBUEZ1Z_6trueno6vectorINtB5_6VectorfE3add
FNDA:215,_RNvMs1_NtCsex06JBUEZ1Z_6trueno6vectorINtB5_6VectorfE3dot
FNDA:110,_RNvMs1_NtCsex06JBUEZ1Z_6trueno6vectorINtB5_6VectorfE3max
FNDA:745,_RNvMs1_NtCsex06JBUEZ1Z_6trueno6vectorINtB5_6VectorfE3mul
FNDA:109,_RNvMs1_NtCsex06JBUEZ1Z_6trueno6vectorINtB5_6VectorfE3sum
FNDA:3,_RNvMs_NtCsex06JBUEZ1Z_6trueno6vectorINtB4_6VectorfE14with_alignment
FNDA:2,_RNvMNtCsex06JBUEZ1Z_6trueno6vectorINtB2_6VectordE10from_sliceB4_
FNDA:2,_RNvMNtCsex06JBUEZ1Z_6trueno6vectorINtB2_6VectordE23from_slice_with_backendB4_
FNDA:2148,_RNvMNtCsex06JBUEZ1Z_6trueno6vectorINtB2_6VectorfE10from_sliceB4_
FNDA:2,_RNvMs0_NtCsex06JBUEZ1Z_6trueno6vectorINtB5_6VectordE3lenB7_
FNDA:5,_RNvMs0_NtCsex06JBUEZ1Z_6trueno6vectorINtB5_6VectordE7backendB7_
FNDA:2,_RNvMs0_NtCsex06JBUEZ1Z_6trueno6vectorINtB5_6VectordE8as_sliceB7_
FNDA:5549,_RNvMs0_NtCsex06JBUEZ1Z_6trueno6vectorINtB5_6VectorfE3lenB7_
FNDA:1384,_RNvMs0_NtCsex06JBUEZ1Z_6trueno6vectorINtB5_6VectorfE8as_sliceB7_
FNDA:1,_RNvMs0_NtCsex06JBUEZ1Z_6trueno6vectorINtB5_6VectorfE8is_emptyB7_
FNF:36
FNH:36
DA:49,2150
DA:50,2150
DA:51,2150
DA:52,2150
DA:53,2150
DA:54,2150
DA:66,2
DA:67,2
DA:68,1
DA:69,1
DA:72,2
DA:73,2
DA:74,2
DA:75,2
DA:76,2
DA:116,3
DA:118,3
DA:119,0
DA:120,0
DA:121,0
DA:122,0
DA:123,3
DA:126,3
DA:127,0
DA:128,3
DA:133,3
DA:136,3
DA:137,3
DA:140,3
DA:141,0
DA:142,0
DA:143,0
DA:144,0
DA:145,0
DA:146,0
DA:147,3
DA:149,3
DA:150,3
DA:151,3
DA:152,3
DA:153,3
DA:170,1386
DA:171,1386
DA:172,1386
DA:184,5551
DA:185,5551
DA:186,5551
DA:201,1
DA:202,1
DA:203,1
DA:206,5
DA:207,5
DA:208,5
DA:235,959
DA:236,959
DA:237,1
DA:238,1
DA:239,1
DA:240,1
DA:241,958
DA:243,958
DA:247,958
DA:248,0
DA:249,0
DA:250,0
DA:252,958
DA:253,958
DA:254,958
DA:255,958
DA:256,958
DA:262,0
DA:263,0
DA:264,0
DA:265,0
DA:269,958
DA:270,958
DA:271,958
DA:272,958
DA:273,959
DA:288,745
DA:289,745
DA:290,1
DA:291,1
DA:292,1
DA:293,1
DA:294,744
DA:296,744
DA:300,744
DA:301,0
DA:302,0
DA:303,0
DA:305,744
DA:306,744
DA:307,744
DA:312,0
DA:313,0
DA:314,0
DA:318,744
DA:319,744
DA:320,744
DA:321,744
DA:322,745
DA:337,215
DA:338,215
DA:339,1
DA:340,1
DA:341,1
DA:342,1
DA:343,214
DA:345,214
DA:346,214
DA:348,0
DA:352,214
DA:359,0
DA:364,214
DA:365,215
DA:377,109
DA:378,109
DA:379,109
DA:381,0
DA:385,109
DA:392,0
DA:397,109
DA:398,109
DA:414,110
DA:415,110
DA:416,1
DA:417,109
DA:419,109
DA:420,109
DA:422,0
DA:426,109
DA:433,0
DA:438,109
DA:439,110
DA:448,1
DA:449,1
DA:450,1
DA:451,1
DA:452,1
DA:455,1
DA:456,1
DA:457,1
DA:458,1
DA:459,1
DA:462,1
DA:463,1
DA:464,1
DA:465,1
DA:466,1
DA:469,1
DA:470,1
DA:471,1
DA:472,1
DA:475,1
DA:476,1
DA:478,1
DA:479,1
DA:482,1
DA:487,1
DA:488,1
DA:489,1
DA:493,1
DA:497,1
DA:498,1
DA:499,1
DA:500,1
DA:501,1
DA:502,1
DA:505,1
DA:506,1
DA:507,1
DA:508,1
DA:509,1
DA:510,1
DA:513,1
DA:514,1
DA:515,1
DA:516,1
DA:517,1
DA:518,1
DA:521,1
DA:522,1
DA:523,1
DA:524,1
DA:525,1
DA:526,1
DA:527,1
DA:533,1
DA:537,1
DA:538,1
DA:539,1
DA:540,1
DA:541,1
DA:542,1
DA:545,1
DA:546,1
DA:547,1
DA:548,1
DA:549,1
DA:550,1
DA:553,1
DA:554,1
DA:555,1
DA:556,1
DA:557,1
DA:558,1
DA:562,1
DA:563,1
DA:564,1
DA:565,1
DA:566,1
DA:567,1
DA:570,1
DA:571,1
DA:572,1
DA:573,1
DA:574,1
DA:575,1
DA:578,1
DA:579,1
DA:580,1
DA:581,1
DA:582,1
DA:583,1
DA:587,1
DA:588,1
DA:589,1
DA:590,1
DA:593,1
DA:594,1
DA:595,1
DA:596,1
DA:599,1
DA:600,1
DA:601,1
DA:602,1
DA:606,1
DA:607,1
DA:608,1
DA:609,1
DA:612,1
DA:613,1
DA:614,1
DA:615,1
DA:618,1
DA:619,1
DA:620,1
DA:621,1
DA:622,1
DA:623,1
DA:624,1
DA:626,1
DA:629,1
DA:630,1
DA:631,1
DA:632,1
DA:635,1
DA:636,1
DA:639,1
DA:642,1
DA:645,1
DA:649,1
DA:650,1
DA:651,1
DA:652,1
DA:655,1
DA:657,1
DA:658,1
DA:661,1
DA:662,1
DA:663,1
DA:664,1
BRF:0
BRH:0
LF:273
LH:243
end_of_record