SF:/home/noah/src/trueno/src/error.rs
FN:58,_RNvNtNtCsex06JBUEZ1Z_6trueno5error5testss_14test_gpu_error
FN:70,_RNvNtNtCsex06JBUEZ1Z_6trueno5error5testss_19test_error_equality
FN:64,_RNvNtNtCsex06JBUEZ1Z_6trueno5error5testss_24test_invalid_input_error
FN:49,_RNvNtNtCsex06JBUEZ1Z_6trueno5error5testss_24test_size_mismatch_error
FN:40,_RNvNtNtCsex06JBUEZ1Z_6trueno5error5testss_30test_unsupported_backend_error
FNDA:1,_RNvNtNtCsex06JBUEZ1Z_6trueno5error5testss_14test_gpu_error
FNDA:1,_RNvNtNtCsex06JBUEZ1Z_6trueno5error5testss_19test_error_equality
FNDA:1,_RNvNtNtCsex06JBUEZ1Z_6trueno5error5testss_24test_invalid_input_error
FNDA:1,_RNvNtNtCsex06JBUEZ1Z_6trueno5error5testss_24test_size_mismatch_error
FNDA:1,_RNvNtNtCsex06JBUEZ1Z_6trueno5error5testss_30test_unsupported_backend_error
FNF:5
FNH:5
DA:40,1
DA:41,1
DA:42,1
DA:43,1
DA:46,1
DA:49,1
DA:50,1
DA:51,1
DA:52,1
DA:53,1
DA:54,1
DA:55,1
DA:58,1
DA:59,1
DA:60,1
DA:61,1
DA:64,1
DA:65,1
DA:66,1
DA:67,1
DA:70,1
DA:71,1
DA:72,1
DA:73,1
DA:74,1
DA:75,1
DA:76,1
DA:77,1
DA:78,1
DA:79,1
DA:80,1
BRF:0
BRH:0
LF:31
LH:31
end_of_record
SF:/home/noah/src/trueno/src/lib.rs
FN:85,_RNvCsex06JBUEZ1Z_6trueno29select_best_available_backend
FN:95,_RNvNtCsex06JBUEZ1Z_6trueno5testss_17test_backend_enum
FN:101,_RNvNtCsex06JBUEZ1Z_6trueno5testss_27test_op_complexity_ordering
FN:107,_RNvNtCsex06JBUEZ1Z_6trueno5testss_34test_select_best_available_backend
FNDA:2132,_RNvCsex06JBUEZ1Z_6trueno29select_best_available_backend
FNDA:1,_RNvNtCsex06JBUEZ1Z_6trueno5testss_17test_backend_enum
FNDA:1,_RNvNtCsex06JBUEZ1Z_6trueno5testss_27test_op_complexity_ordering
FNDA:1,_RNvNtCsex06JBUEZ1Z_6trueno5testss_34test_select_best_available_backend
FNF:4
FNH:4
DA:85,2132
DA:87,2132
DA:88,2132
DA:95,1
DA:96,1
DA:97,1
DA:98,1
DA:101,1
DA:102,1
DA:103,1
DA:104,1
DA:107,1
DA:108,1
DA:110,1
DA:111,1
BRF:0
BRH:0
LF:15
LH:15
end_of_record
SF:/home/noah/src/trueno/src/vector.rs
FN:316,_RNvNtNtCsex06JBUEZ1Z_6trueno6vector5testss_14test_add_empty
FN:381,_RNvNtNtCsex06JBUEZ1Z_6trueno6vector5testss_14test_dot_empty
FN:429,_RNvNtNtCsex06JBUEZ1Z_6trueno6vector5testss_14test_max_empty
FN:356,_RNvNtNtCsex06JBUEZ1Z_6trueno6vector5testss_14test_mul_empty
FN:404,_RNvNtNtCsex06JBUEZ1Z_6trueno6vector5testss_14test_sum_empty
FN:324,_RNvNtNtCsex06JBUEZ1Z_6trueno6vector5testss_15test_add_single
FN:273,_RNvNtNtCsex06JBUEZ1Z_6trueno6vector5testss_15test_from_slice
FN:423,_RNvNtNtCsex06JBUEZ1Z_6trueno6vector5testss_15test_max_single
FN:410,_RNvNtNtCsex06JBUEZ1Z_6trueno6vector5testss_15test_sum_single
FN:440,_RNvNtNtCsex06JBUEZ1Z_6trueno6vector5testss_17test_max_negative
FN:280,_RNvNtNtCsex06JBUEZ1Z_6trueno6vector5testss_21test_from_slice_empty
FN:332,_RNvNtNtCsex06JBUEZ1Z_6trueno6vector5testss_22test_add_size_mismatch
FN:389,_RNvNtNtCsex06JBUEZ1Z_6trueno6vector5testss_22test_dot_size_mismatch
FN:364,_RNvNtNtCsex06JBUEZ1Z_6trueno6vector5testss_22test_mul_size_mismatch
FN:300,_RNvNtNtCsex06JBUEZ1Z_6trueno6vector5testss_28test_auto_backend_resolution
FN:294,_RNvNtNtCsex06JBUEZ1Z_6trueno6vector5testss_28test_from_slice_with_backend
FN:287,_RNvNtNtCsex06JBUEZ1Z_6trueno6vector5testss_30test_from_slice_single_element
FN:308,_RNvNtNtCsex06JBUEZ1Z_6trueno6vector5testss_8test_add
FN:373,_RNvNtNtCsex06JBUEZ1Z_6trueno6vector5testss_8test_dot
FN:417,_RNvNtNtCsex06JBUEZ1Z_6trueno6vector5testss_8test_max
FN:348,_RNvNtNtCsex06JBUEZ1Z_6trueno6vector5testss_8test_mul
FN:398,_RNvNtNtCsex06JBUEZ1Z_6trueno6vector5testss_8test_sum
FN:149,_RNvMs_NtCsex06JBUEZ1Z_6trueno6vectorINtB4_6VectorfE3add
FN:217,_RNvMs_NtCsex06JBUEZ1Z_6trueno6vectorINtB4_6VectorfE3dot
FN:258,_RNvMs_NtCsex06JBUEZ1Z_6trueno6vectorINtB4_6VectorfE3max
FN:183,_RNvMs_NtCsex06JBUEZ1Z_6trueno6vectorINtB4_6VectorfE3mul
FN:240,_RNvMs_NtCsex06JBUEZ1Z_6trueno6vectorINtB4_6VectorfE3sum
FN:161,_RNCNvMs_NtCsex06JBUEZ1Z_6trueno6vectorINtB6_6VectorfE3add0B8_
FN:225,_RNCNvMs_NtCsex06JBUEZ1Z_6trueno6vectorINtB6_6VectorfE3dot0B8_
FN:262,_RNCNvMs_NtCsex06JBUEZ1Z_6trueno6vectorINtB6_6VectorfE3max0B8_
FN:263,_RNCNvMs_NtCsex06JBUEZ1Z_6trueno6vectorINtB6_6VectorfE3maxs_0B8_
FN:195,_RNCNvMs_NtCsex06JBUEZ1Z_6trueno6vectorINtB6_6VectorfE3mul0B8_
FN:45,_RNvMNtCsex06JBUEZ1Z_6trueno6vectorINtB2_6VectordE10from_sliceB4_
FN:62,_RNvMNtCsex06JBUEZ1Z_6trueno6vectorINtB2_6VectordE23from_slice_with_backendB4_
FN:98,_RNvMNtCsex06JBUEZ1Z_6trueno6vectorINtB2_6VectordE3lenB4_
FN:120,_RNvMNtCsex06JBUEZ1Z_6trueno6vectorINtB2_6VectordE7backendB4_
FN:84,_RNvMNtCsex06JBUEZ1Z_6trueno6vectorINtB2_6VectordE8as_sliceB4_
FN:45,_RNvMNtCsex06JBUEZ1Z_6trueno6vectorINtB2_6VectorfE10from_sliceB4_
FN:98,_RNvMNtCsex06JBUEZ1Z_6trueno6vectorINtB2_6VectorfE3lenB4_
FN:84,_RNvMNtCsex06JBUEZ1Z_6trueno6vectorINtB2_6VectorfE8as_sliceB4_
FN:115,_RNvMNtCsex06JBUEZ1Z_6trueno6vectorINtB2_6VectorfE8is_emptyB4_
FNDA:1,_RNvNtNtCsex06JBUEZ1Z_6trueno6vector5testss_14test_add_empty
FNDA:1,_RNvNtNtCsex06JBUEZ1Z_6trueno6vector5testss_14test_dot_empty
FNDA:1,_RNvNtNtCsex06JBUEZ1Z_6trueno6vector5testss_14test_max_empty
FNDA:1,_RNvNtNtCsex06JBUEZ1Z_6trueno6vector5testss_14test_mul_empty
FNDA:1,_RNvNtNtCsex06JBUEZ1Z_6trueno6vector5testss_14test_sum_empty
FNDA:1,_RNvNtNtCsex06JBUEZ1Z_6trueno6vector5testss_15test_add_single
FNDA:1,_RNvNtNtCsex06JBUEZ1Z_6trueno6vector5testss_15test_from_slice
FNDA:1,_RNvNtNtCsex06JBUEZ1Z_6trueno6vector5testss_15test_max_single
FNDA:1,_RNvNtNtCsex06JBUEZ1Z_6trueno6vector5testss_15test_sum_single
FNDA:1,_RNvNtNtCsex06JBUEZ1Z_6trueno6vector5testss_17test_max_negative
FNDA:1,_RNvNtNtCsex06JBUEZ1Z_6trueno6vector5testss_21test_from_slice_empty
FNDA:1,_RNvNtNtCsex06JBUEZ1Z_6trueno6vector5testss_22test_add_size_mismatch
FNDA:1,_RNvNtNtCsex06JBUEZ1Z_6trueno6vector5testss_22test_dot_size_mismatch
FNDA:1,_RNvNtNtCsex06JBUEZ1Z_6trueno6vector5testss_22test_mul_size_mismatch
FNDA:1,_RNvNtNtCsex06JBUEZ1Z_6trueno6vector5testss_28test_auto_backend_resolution
FNDA:1,_RNvNtNtCsex06JBUEZ1Z_6trueno6vector5testss_28test_from_slice_with_backend
FNDA:1,_RNvNtNtCsex06JBUEZ1Z_6trueno6vector5testss_30test_from_slice_single_element
FNDA:1,_RNvNtNtCsex06JBUEZ1Z_6trueno6vector5testss_8test_add
FNDA:1,_RNvNtNtCsex06JBUEZ1Z_6trueno6vector5testss_8test_dot
FNDA:1,_RNvNtNtCsex06JBUEZ1Z_6trueno6vector5testss_8test_max
FNDA:1,_RNvNtNtCsex06JBUEZ1Z_6trueno6vector5testss_8test_mul
FNDA:1,_RNvNtNtCsex06JBUEZ1Z_6trueno6vector5testss_8test_sum
FNDA:949,_RNvMs_NtCsex06JBUEZ1Z_6trueno6vectorINtB4_6VectorfE3add
FNDA:213,_RNvMs_NtCsex06JBUEZ1Z_6trueno6vectorINtB4_6VectorfE3dot
FNDA:109,_RNvMs_NtCsex06JBUEZ1Z_6trueno6vectorINtB4_6VectorfE3max
FNDA:738,_RNvMs_NtCsex06JBUEZ1Z_6trueno6vectorINtB4_6VectorfE3mul
FNDA:108,_RNvMs_NtCsex06JBUEZ1Z_6trueno6vectorINtB4_6VectorfE3sum
FNDA:20583,_RNCNvMs_NtCsex06JBUEZ1Z_6trueno6vectorINtB6_6VectorfE3add0B8_
FNDA:6629,_RNCNvMs_NtCsex06JBUEZ1Z_6trueno6vectorINtB6_6VectorfE3dot0B8_
FNDA:5215,_RNCNvMs_NtCsex06JBUEZ1Z_6trueno6vectorINtB6_6VectorfE3max0B8_
FNDA:1,_RNCNvMs_NtCsex06JBUEZ1Z_6trueno6vectorINtB6_6VectorfE3maxs_0B8_
FNDA:20769,_RNCNvMs_NtCsex06JBUEZ1Z_6trueno6vectorINtB6_6VectorfE3mul0B8_
FNDA:2,_RNvMNtCsex06JBUEZ1Z_6trueno6vectorINtB2_6VectordE10from_sliceB4_
FNDA:2,_RNvMNtCsex06JBUEZ1Z_6trueno6vectorINtB2_6VectordE23from_slice_with_backendB4_
FNDA:2,_RNvMNtCsex06JBUEZ1Z_6trueno6vectorINtB2_6VectordE3lenB4_
FNDA:2,_RNvMNtCsex06JBUEZ1Z_6trueno6vectorINtB2_6VectordE7backendB4_
FNDA:2,_RNvMNtCsex06JBUEZ1Z_6trueno6vectorINtB2_6VectordE8as_sliceB4_
FNDA:2128,_RNvMNtCsex06JBUEZ1Z_6trueno6vectorINtB2_6VectorfE10from_sliceB4_
FNDA:3807,_RNvMNtCsex06JBUEZ1Z_6trueno6vectorINtB2_6VectorfE3lenB4_
FNDA:1370,_RNvMNtCsex06JBUEZ1Z_6trueno6vectorINtB2_6VectorfE8as_sliceB4_
FNDA:1,_RNvMNtCsex06JBUEZ1Z_6trueno6vectorINtB2_6VectorfE8is_emptyB4_
FNF:38
FNH:38
DA:45,2130
DA:46,2130
DA:47,2130
DA:48,2130
DA:49,2130
DA:50,2130
DA:62,2
DA:63,2
DA:64,1
DA:65,1
DA:68,2
DA:69,2
DA:70,2
DA:71,2
DA:72,2
DA:84,1372
DA:85,1372
DA:86,1372
DA:98,3809
DA:99,3809
DA:100,3809
DA:115,1
DA:116,1
DA:117,1
DA:120,2
DA:121,2
DA:122,2
DA:149,949
DA:150,949
DA:151,1
DA:152,1
DA:153,1
DA:154,1
DA:155,948
DA:157,948
DA:158,948
DA:159,948
DA:160,948
DA:161,20583
DA:162,948
DA:164,948
DA:165,948
DA:166,948
DA:167,948
DA:168,949
DA:183,738
DA:184,738
DA:185,1
DA:186,1
DA:187,1
DA:188,1
DA:189,737
DA:191,737
DA:192,737
DA:193,737
DA:194,737
DA:195,20769
DA:196,737
DA:198,737
DA:199,737
DA:200,737
DA:201,737
DA:202,738
DA:217,213
DA:218,213
DA:219,1
DA:220,1
DA:221,1
DA:222,1
DA:223,212
DA:225,6629
DA:227,212
DA:228,213
DA:240,108
DA:241,108
DA:242,108
DA:258,109
DA:259,109
DA:260,109
DA:261,109
DA:262,5215
DA:263,109
DA:264,109
DA:273,1
DA:274,1
DA:275,1
DA:276,1
DA:277,1
DA:280,1
DA:281,1
DA:282,1
DA:283,1
DA:284,1
DA:287,1
DA:288,1
DA:289,1
DA:290,1
DA:291,1
DA:294,1
DA:295,1
DA:296,1
DA:297,1
DA:300,1
DA:301,1
DA:303,1
DA:304,1
DA:308,1
DA:309,1
DA:310,1
DA:311,1
DA:312,1
DA:313,1
DA:316,1
DA:317,1
DA:318,1
DA:319,1
DA:320,1
DA:321,1
DA:324,1
DA:325,1
DA:326,1
DA:327,1
DA:328,1
DA:329,1
DA:332,1
DA:333,1
DA:334,1
DA:335,1
DA:336,1
DA:337,1
DA:338,1
DA:344,1
DA:348,1
DA:349,1
DA:350,1
DA:351,1
DA:352,1
DA:353,1
DA:356,1
DA:357,1
DA:358,1
DA:359,1
DA:360,1
DA:361,1
DA:364,1
DA:365,1
DA:366,1
DA:367,1
DA:368,1
DA:369,1
DA:373,1
DA:374,1
DA:375,1
DA:376,1
DA:377,1
DA:378,1
DA:381,1
DA:382,1
DA:383,1
DA:384,1
DA:385,1
DA:386,1
DA:389,1
DA:390,1
DA:391,1
DA:392,1
DA:393,1
DA:394,1
DA:398,1
DA:399,1
DA:400,1
DA:401,1
DA:404,1
DA:405,1
DA:406,1
DA:407,1
DA:410,1
DA:411,1
DA:412,1
DA:413,1
DA:417,1
DA:418,1
DA:419,1
DA:420,1
DA:423,1
DA:424,1
DA:425,1
DA:426,1
DA:429,1
DA:430,1
DA:431,1
DA:432,1
DA:433,1
DA:434,1
DA:435,1
DA:437,1
DA:440,1
DA:441,1
DA:442,1
DA:443,1
BRF:0
BRH:0
LF:205
LH:205
end_of_record